<?xml version="1.0" encoding="UTF-8"?>
<!-- Generated by org.testng.reporters.JUnitReportReporter -->
<testsuite skipped="0" hostname="Abdelrahman" name="tests.selectGamesCategory" tests="1" failures="0" timestamp="01 Jan 2022 11:53:43 GMT" time="2.289" errors="0">
  <testcase name="searchForGames" time="2.289" classname="tests.selectGamesCategory"/>
</testsuite> <!-- tests.selectGamesCategory -->
